<?xml version="1.0" encoding="UTF-8"?>
<!-- Generated by org.testng.reporters.JUnitReportReporter -->
<testsuite hostname="LAPTOP-KR21DU6T" failures="0" tests="1" name="qaclickacademy.Mavenjava.AppTest" time="0.018" errors="0" timestamp="2020-05-23T19:55:43 IST" skipped="0">
  <testcase classname="qaclickacademy.Mavenjava.AppTest" name="shouldAnswerWithTrue" time="0.018"/>
  <system-out/>
</testsuite> <!-- qaclickacademy.Mavenjava.AppTest -->
