<?xml version="1.0" encoding="UTF-8"?>
<!-- Generated by org.testng.reporters.JUnitReportReporter -->
<testsuite hostname="LAPTOP-KR21DU6T" failures="0" tests="1" name="qaclickacademy.Mavenjava.seleniumTest" time="0.002" errors="0" timestamp="2020-05-23T19:55:43 IST" skipped="0">
  <testcase classname="qaclickacademy.Mavenjava.seleniumTest" name="test1" time="0.002"/>
  <system-out/>
</testsuite> <!-- qaclickacademy.Mavenjava.seleniumTest -->
