<?xml version="1.0" encoding="UTF-8"?>
<!-- Generated by org.testng.reporters.JUnitReportReporter -->
<testsuite hostname="LAPTOP-KR21DU6T" failures="0" tests="1" name="qaclickacademy.Mavenjava.appiumTest" time="0.000" errors="0" timestamp="25 May 2020 07:54:23 GMT" skipped="0">
  <testcase classname="qaclickacademy.Mavenjava.appiumTest" name="test2" time="0.000"/>
</testsuite> <!-- qaclickacademy.Mavenjava.appiumTest -->
