<?xml version="1.0" encoding="UTF-8"?>
<!-- Generated by org.testng.reporters.JUnitReportReporter -->
<testsuite hostname="LAPTOP-KR21DU6T" failures="0" tests="1" name="qaclickacademy.Mavenjava.AppTest" time="0.023" errors="0" timestamp="25 May 2020 07:54:23 GMT" skipped="0">
  <testcase classname="qaclickacademy.Mavenjava.AppTest" name="shouldAnswerWithTrue" time="0.023"/>
</testsuite> <!-- qaclickacademy.Mavenjava.AppTest -->
