<?xml version="1.0" encoding="UTF-8"?>
<!-- Generated by org.testng.reporters.JUnitReportReporter -->
<testsuite hostname="LAPTOP-KR21DU6T" failures="0" tests="1" name="qaclickacademy.Mavenjava.seleniumTest" time="0.021" errors="0" timestamp="25 May 2020 07:54:43 GMT" skipped="0">
  <testcase classname="qaclickacademy.Mavenjava.seleniumTest" name="test1" time="0.021"/>
</testsuite> <!-- qaclickacademy.Mavenjava.seleniumTest -->
